This is pdfTeX, Version 3.14159265-2.6-1.40.19 (MiKTeX 2.9.6800 64-bit) (preloaded format=pdflatex 2021.9.14)  23 APR 2023 07:52
entering extended mode
**./slides2.tex
(slides2.tex
LaTeX2e <2018-04-01> patch level 5

("C:\Users\Пользователь\AppData\Local\Programs\MiKTeX 2.9\tex\latex
\beamer\beamer.cls"
Document Class: beamer 2018/09/06 v3.53 A class for typesetting presentations

("C:\Users\Пользователь\AppData\Local\Programs\MiKTeX 2.9\tex\latex
\beamer\beamerbasemodes.sty"
("C:\Users\Пользователь\AppData\Local\Programs\MiKTeX 2.9\tex\latex
\etoolbox\etoolbox.sty"
Package: etoolbox 2018/08/19 v2.5f e-TeX tools for LaTeX (JAW)
\etb@tempcnta=\count80
)
\beamer@tempbox=\box26
\beamer@tempcount=\count81
\c@beamerpauses=\count82

("C:\Users\Пользователь\AppData\Local\Programs\MiKTeX 2.9\tex\latex
\beamer\beamerbasedecode.sty"
\beamer@slideinframe=\count83
\beamer@minimum=\count84
)
\beamer@commentbox=\box27
\beamer@modecount=\count85
)
("C:\Users\Пользователь\AppData\Local\Programs\MiKTeX 2.9\tex\gener
ic\oberdiek\ifpdf.sty"
Package: ifpdf 2018/09/07 v3.3 Provides the ifpdf switch
)
\headdp=\dimen102
\footheight=\dimen103
\sidebarheight=\dimen104
\beamer@tempdim=\dimen105
\beamer@finalheight=\dimen106
\beamer@animht=\dimen107
\beamer@animdp=\dimen108
\beamer@animwd=\dimen109
\beamer@leftmargin=\dimen110
\beamer@rightmargin=\dimen111
\beamer@leftsidebar=\dimen112
\beamer@rightsidebar=\dimen113
\beamer@boxsize=\dimen114
\beamer@vboxoffset=\dimen115
\beamer@descdefault=\dimen116
\beamer@descriptionwidth=\dimen117
\beamer@lastskip=\skip41
\beamer@areabox=\box28
\beamer@animcurrent=\box29
\beamer@animshowbox=\box30
\beamer@sectionbox=\box31
\beamer@logobox=\box32
\beamer@linebox=\box33
\beamer@sectioncount=\count86
\beamer@subsubsectionmax=\count87
\beamer@subsectionmax=\count88
\beamer@sectionmax=\count89
\beamer@totalheads=\count90
\beamer@headcounter=\count91
\beamer@partstartpage=\count92
\beamer@sectionstartpage=\count93
\beamer@subsectionstartpage=\count94
\beamer@animationtempa=\count95
\beamer@animationtempb=\count96
\beamer@xpos=\count97
\beamer@ypos=\count98
\beamer@ypos@offset=\count99
\beamer@showpartnumber=\count100
\beamer@currentsubsection=\count101
\beamer@coveringdepth=\count102
\beamer@sectionadjust=\count103
\beamer@tocsectionnumber=\count104

("C:\Users\Пользователь\AppData\Local\Programs\MiKTeX 2.9\tex\latex
\beamer\beamerbaseoptions.sty"
("C:\Users\Пользователь\AppData\Local\Programs\MiKTeX 2.9\tex\latex
\graphics\keyval.sty"
Package: keyval 2014/10/28 v1.15 key=value parser (DPC)
\KV@toks@=\toks14
))
\beamer@paperwidth=\skip42
\beamer@paperheight=\skip43

("C:\Users\Пользователь\AppData\Local\Programs\MiKTeX 2.9\tex\latex
\geometry\geometry.sty"
Package: geometry 2018/04/16 v5.8 Page Geometry

("C:\Users\Пользователь\AppData\Local\Programs\MiKTeX 2.9\tex\gener
ic\oberdiek\ifvtex.sty"
Package: ifvtex 2016/05/16 v1.6 Detect VTeX and its facilities (HO)
Package ifvtex Info: VTeX not detected.
)
("C:\Users\Пользователь\AppData\Local\Programs\MiKTeX 2.9\tex\gener
ic\ifxetex\ifxetex.sty"
Package: ifxetex 2010/09/12 v0.6 Provides ifxetex conditional
)
\Gm@cnth=\count105
\Gm@cntv=\count106
\c@Gm@tempcnt=\count107
\Gm@bindingoffset=\dimen118
\Gm@wd@mp=\dimen119
\Gm@odd@mp=\dimen120
\Gm@even@mp=\dimen121
\Gm@layoutwidth=\dimen122
\Gm@layoutheight=\dimen123
\Gm@layouthoffset=\dimen124
\Gm@layoutvoffset=\dimen125
\Gm@dimlist=\toks15

("C:\Users\Пользователь\AppData\Local\Programs\MiKTeX 2.9\tex\latex
\geometry\geometry.cfg"))
("C:\Users\Пользователь\AppData\Local\Programs\MiKTeX 2.9\tex\latex
\base\size11.clo"
File: size11.clo 2014/09/29 v1.4h Standard LaTeX file (size option)
)
("C:\Users\Пользователь\AppData\Local\Programs\MiKTeX 2.9\tex\latex
\pgf\basiclayer\pgfcore.sty"
("C:\Users\Пользователь\AppData\Local\Programs\MiKTeX 2.9\tex\latex
\graphics\graphicx.sty"
Package: graphicx 2017/06/01 v1.1a Enhanced LaTeX Graphics (DPC,SPQR)

("C:\Users\Пользователь\AppData\Local\Programs\MiKTeX 2.9\tex\latex
\graphics\graphics.sty"
Package: graphics 2017/06/25 v1.2c Standard LaTeX Graphics (DPC,SPQR)

("C:\Users\Пользователь\AppData\Local\Programs\MiKTeX 2.9\tex\latex
\graphics\trig.sty"
Package: trig 2016/01/03 v1.10 sin cos tan (DPC)
)
("C:\Users\Пользователь\AppData\Local\Programs\MiKTeX 2.9\tex\latex
\graphics-cfg\graphics.cfg"
File: graphics.cfg 2016/06/04 v1.11 sample graphics configuration
)
Package graphics Info: Driver file: pdftex.def on input line 99.

("C:\Users\Пользователь\AppData\Local\Programs\MiKTeX 2.9\tex\latex
\graphics-def\pdftex.def"
File: pdftex.def 2018/01/08 v1.0l Graphics/color driver for pdftex
))
\Gin@req@height=\dimen126
\Gin@req@width=\dimen127
)
("C:\Users\Пользователь\AppData\Local\Programs\MiKTeX 2.9\tex\latex
\pgf\systemlayer\pgfsys.sty"
("C:\Users\Пользователь\AppData\Local\Programs\MiKTeX 2.9\tex\latex
\pgf\utilities\pgfrcs.sty"
("C:\Users\Пользователь\AppData\Local\Programs\MiKTeX 2.9\tex\gener
ic\pgf\utilities\pgfutil-common.tex"
\pgfutil@everybye=\toks16
\pgfutil@tempdima=\dimen128
\pgfutil@tempdimb=\dimen129

("C:\Users\Пользователь\AppData\Local\Programs\MiKTeX 2.9\tex\gener
ic\pgf\utilities\pgfutil-common-lists.tex"))
("C:\Users\Пользователь\AppData\Local\Programs\MiKTeX 2.9\tex\gener
ic\pgf\utilities\pgfutil-latex.def"
\pgfutil@abb=\box34

("C:\Users\Пользователь\AppData\Local\Programs\MiKTeX 2.9\tex\latex
\ms\everyshi.sty"
Package: everyshi 2001/05/15 v3.00 EveryShipout Package (MS)
))
("C:\Users\Пользователь\AppData\Local\Programs\MiKTeX 2.9\tex\gener
ic\pgf\utilities\pgfrcs.code.tex"
Package: pgfrcs 2015/08/07 v3.0.1a (rcs-revision 1.31)
))
("C:\Users\Пользователь\AppData\Local\Programs\MiKTeX 2.9\tex\gener
ic\pgf\systemlayer\pgfsys.code.tex"
Package: pgfsys 2014/07/09 v3.0.1a (rcs-revision 1.48)

("C:\Users\Пользователь\AppData\Local\Programs\MiKTeX 2.9\tex\gener
ic\pgf\utilities\pgfkeys.code.tex"
\pgfkeys@pathtoks=\toks17
\pgfkeys@temptoks=\toks18

("C:\Users\Пользователь\AppData\Local\Programs\MiKTeX 2.9\tex\gener
ic\pgf\utilities\pgfkeysfiltered.code.tex"
\pgfkeys@tmptoks=\toks19
))
\pgf@x=\dimen130
\pgf@y=\dimen131
\pgf@xa=\dimen132
\pgf@ya=\dimen133
\pgf@xb=\dimen134
\pgf@yb=\dimen135
\pgf@xc=\dimen136
\pgf@yc=\dimen137
\w@pgf@writea=\write3
\r@pgf@reada=\read1
\c@pgf@counta=\count108
\c@pgf@countb=\count109
\c@pgf@countc=\count110
\c@pgf@countd=\count111
\t@pgf@toka=\toks20
\t@pgf@tokb=\toks21
\t@pgf@tokc=\toks22

("C:\Users\Пользователь\AppData\Local\Programs\MiKTeX 2.9\tex\gener
ic\pgf\systemlayer\pgf.cfg"
File: pgf.cfg 2008/05/14  (rcs-revision 1.7)
)
Driver file for pgf: pgfsys-pdftex.def

("C:\Users\Пользователь\AppData\Local\Programs\MiKTeX 2.9\tex\gener
ic\pgf\systemlayer\pgfsys-pdftex.def"
File: pgfsys-pdftex.def 2014/10/11  (rcs-revision 1.35)

("C:\Users\Пользователь\AppData\Local\Programs\MiKTeX 2.9\tex\gener
ic\pgf\systemlayer\pgfsys-common-pdf.def"
File: pgfsys-common-pdf.def 2013/10/10  (rcs-revision 1.13)
)))
("C:\Users\Пользователь\AppData\Local\Programs\MiKTeX 2.9\tex\gener
ic\pgf\systemlayer\pgfsyssoftpath.code.tex"
File: pgfsyssoftpath.code.tex 2013/09/09  (rcs-revision 1.9)
\pgfsyssoftpath@smallbuffer@items=\count112
\pgfsyssoftpath@bigbuffer@items=\count113
)
("C:\Users\Пользователь\AppData\Local\Programs\MiKTeX 2.9\tex\gener
ic\pgf\systemlayer\pgfsysprotocol.code.tex"
File: pgfsysprotocol.code.tex 2006/10/16  (rcs-revision 1.4)
))
("C:\Users\Пользователь\AppData\Local\Programs\MiKTeX 2.9\tex\latex
\xcolor\xcolor.sty"
Package: xcolor 2016/05/11 v2.12 LaTeX color extensions (UK)

("C:\Users\Пользователь\AppData\Local\Programs\MiKTeX 2.9\tex\latex
\graphics-cfg\color.cfg"
File: color.cfg 2016/01/02 v1.6 sample color configuration
)
Package xcolor Info: Driver file: pdftex.def on input line 225.
Package xcolor Info: Model `cmy' substituted by `cmy0' on input line 1348.
Package xcolor Info: Model `hsb' substituted by `rgb' on input line 1352.
Package xcolor Info: Model `RGB' extended on input line 1364.
Package xcolor Info: Model `HTML' substituted by `rgb' on input line 1366.
Package xcolor Info: Model `Hsb' substituted by `hsb' on input line 1367.
Package xcolor Info: Model `tHsb' substituted by `hsb' on input line 1368.
Package xcolor Info: Model `HSB' substituted by `hsb' on input line 1369.
Package xcolor Info: Model `Gray' substituted by `gray' on input line 1370.
Package xcolor Info: Model `wave' substituted by `hsb' on input line 1371.
)
("C:\Users\Пользователь\AppData\Local\Programs\MiKTeX 2.9\tex\gener
ic\pgf\basiclayer\pgfcore.code.tex"
Package: pgfcore 2010/04/11 v3.0.1a (rcs-revision 1.7)

("C:\Users\Пользователь\AppData\Local\Programs\MiKTeX 2.9\tex\gener
ic\pgf\math\pgfmath.code.tex"
("C:\Users\Пользователь\AppData\Local\Programs\MiKTeX 2.9\tex\gener
ic\pgf\math\pgfmathcalc.code.tex"
("C:\Users\Пользователь\AppData\Local\Programs\MiKTeX 2.9\tex\gener
ic\pgf\math\pgfmathutil.code.tex")
("C:\Users\Пользователь\AppData\Local\Programs\MiKTeX 2.9\tex\gener
ic\pgf\math\pgfmathparser.code.tex"
\pgfmath@dimen=\dimen138
\pgfmath@count=\count114
\pgfmath@box=\box35
\pgfmath@toks=\toks23
\pgfmath@stack@operand=\toks24
\pgfmath@stack@operation=\toks25
)
("C:\Users\Пользователь\AppData\Local\Programs\MiKTeX 2.9\tex\gener
ic\pgf\math\pgfmathfunctions.code.tex"
("C:\Users\Пользователь\AppData\Local\Programs\MiKTeX 2.9\tex\gener
ic\pgf\math\pgfmathfunctions.basic.code.tex")
("C:\Users\Пользователь\AppData\Local\Programs\MiKTeX 2.9\tex\gener
ic\pgf\math\pgfmathfunctions.trigonometric.code.tex")
("C:\Users\Пользователь\AppData\Local\Programs\MiKTeX 2.9\tex\gener
ic\pgf\math\pgfmathfunctions.random.code.tex")
("C:\Users\Пользователь\AppData\Local\Programs\MiKTeX 2.9\tex\gener
ic\pgf\math\pgfmathfunctions.comparison.code.tex")
("C:\Users\Пользователь\AppData\Local\Programs\MiKTeX 2.9\tex\gener
ic\pgf\math\pgfmathfunctions.base.code.tex")
("C:\Users\Пользователь\AppData\Local\Programs\MiKTeX 2.9\tex\gener
ic\pgf\math\pgfmathfunctions.round.code.tex")
("C:\Users\Пользователь\AppData\Local\Programs\MiKTeX 2.9\tex\gener
ic\pgf\math\pgfmathfunctions.misc.code.tex")
("C:\Users\Пользователь\AppData\Local\Programs\MiKTeX 2.9\tex\gener
ic\pgf\math\pgfmathfunctions.integerarithmetics.code.tex")))
("C:\Users\Пользователь\AppData\Local\Programs\MiKTeX 2.9\tex\gener
ic\pgf\math\pgfmathfloat.code.tex"
\c@pgfmathroundto@lastzeros=\count115
))
("C:\Users\Пользователь\AppData\Local\Programs\MiKTeX 2.9\tex\gener
ic\pgf\basiclayer\pgfcorepoints.code.tex"
File: pgfcorepoints.code.tex 2013/10/07  (rcs-revision 1.27)
\pgf@picminx=\dimen139
\pgf@picmaxx=\dimen140
\pgf@picminy=\dimen141
\pgf@picmaxy=\dimen142
\pgf@pathminx=\dimen143
\pgf@pathmaxx=\dimen144
\pgf@pathminy=\dimen145
\pgf@pathmaxy=\dimen146
\pgf@xx=\dimen147
\pgf@xy=\dimen148
\pgf@yx=\dimen149
\pgf@yy=\dimen150
\pgf@zx=\dimen151
\pgf@zy=\dimen152
)
("C:\Users\Пользователь\AppData\Local\Programs\MiKTeX 2.9\tex\gener
ic\pgf\basiclayer\pgfcorepathconstruct.code.tex"
File: pgfcorepathconstruct.code.tex 2013/10/07  (rcs-revision 1.29)
\pgf@path@lastx=\dimen153
\pgf@path@lasty=\dimen154
)
("C:\Users\Пользователь\AppData\Local\Programs\MiKTeX 2.9\tex\gener
ic\pgf\basiclayer\pgfcorepathusage.code.tex"
File: pgfcorepathusage.code.tex 2014/11/02  (rcs-revision 1.24)
\pgf@shorten@end@additional=\dimen155
\pgf@shorten@start@additional=\dimen156
)
("C:\Users\Пользователь\AppData\Local\Programs\MiKTeX 2.9\tex\gener
ic\pgf\basiclayer\pgfcorescopes.code.tex"
File: pgfcorescopes.code.tex 2015/05/08  (rcs-revision 1.46)
\pgfpic=\box36
\pgf@hbox=\box37
\pgf@layerbox@main=\box38
\pgf@picture@serial@count=\count116
)
("C:\Users\Пользователь\AppData\Local\Programs\MiKTeX 2.9\tex\gener
ic\pgf\basiclayer\pgfcoregraphicstate.code.tex"
File: pgfcoregraphicstate.code.tex 2014/11/02  (rcs-revision 1.12)
\pgflinewidth=\dimen157
)
("C:\Users\Пользователь\AppData\Local\Programs\MiKTeX 2.9\tex\gener
ic\pgf\basiclayer\pgfcoretransformations.code.tex"
File: pgfcoretransformations.code.tex 2015/08/07  (rcs-revision 1.20)
\pgf@pt@x=\dimen158
\pgf@pt@y=\dimen159
\pgf@pt@temp=\dimen160
)
("C:\Users\Пользователь\AppData\Local\Programs\MiKTeX 2.9\tex\gener
ic\pgf\basiclayer\pgfcorequick.code.tex"
File: pgfcorequick.code.tex 2008/10/09  (rcs-revision 1.3)
)
("C:\Users\Пользователь\AppData\Local\Programs\MiKTeX 2.9\tex\gener
ic\pgf\basiclayer\pgfcoreobjects.code.tex"
File: pgfcoreobjects.code.tex 2006/10/11  (rcs-revision 1.2)
)
("C:\Users\Пользователь\AppData\Local\Programs\MiKTeX 2.9\tex\gener
ic\pgf\basiclayer\pgfcorepathprocessing.code.tex"
File: pgfcorepathprocessing.code.tex 2013/09/09  (rcs-revision 1.9)
)
("C:\Users\Пользователь\AppData\Local\Programs\MiKTeX 2.9\tex\gener
ic\pgf\basiclayer\pgfcorearrows.code.tex"
File: pgfcorearrows.code.tex 2015/05/14  (rcs-revision 1.43)
\pgfarrowsep=\dimen161
)
("C:\Users\Пользователь\AppData\Local\Programs\MiKTeX 2.9\tex\gener
ic\pgf\basiclayer\pgfcoreshade.code.tex"
File: pgfcoreshade.code.tex 2013/07/15  (rcs-revision 1.15)
\pgf@max=\dimen162
\pgf@sys@shading@range@num=\count117
)
("C:\Users\Пользователь\AppData\Local\Programs\MiKTeX 2.9\tex\gener
ic\pgf\basiclayer\pgfcoreimage.code.tex"
File: pgfcoreimage.code.tex 2013/07/15  (rcs-revision 1.18)

("C:\Users\Пользователь\AppData\Local\Programs\MiKTeX 2.9\tex\gener
ic\pgf\basiclayer\pgfcoreexternal.code.tex"
File: pgfcoreexternal.code.tex 2014/07/09  (rcs-revision 1.21)
\pgfexternal@startupbox=\box39
))
("C:\Users\Пользователь\AppData\Local\Programs\MiKTeX 2.9\tex\gener
ic\pgf\basiclayer\pgfcorelayers.code.tex"
File: pgfcorelayers.code.tex 2013/07/18  (rcs-revision 1.7)
)
("C:\Users\Пользователь\AppData\Local\Programs\MiKTeX 2.9\tex\gener
ic\pgf\basiclayer\pgfcoretransparency.code.tex"
File: pgfcoretransparency.code.tex 2013/09/30  (rcs-revision 1.5)
)
("C:\Users\Пользователь\AppData\Local\Programs\MiKTeX 2.9\tex\gener
ic\pgf\basiclayer\pgfcorepatterns.code.tex"
File: pgfcorepatterns.code.tex 2013/11/07  (rcs-revision 1.5)
)))
("C:\Users\Пользователь\AppData\Local\Programs\MiKTeX 2.9\tex\latex
\pgf\utilities\xxcolor.sty"
Package: xxcolor 2003/10/24 ver 0.1
\XC@nummixins=\count118
\XC@countmixins=\count119
)
("C:\Users\Пользователь\AppData\Local\Programs\MiKTeX 2.9\tex\gener
ic\oberdiek\atbegshi.sty"
Package: atbegshi 2016/06/09 v1.18 At begin shipout hook (HO)

("C:\Users\Пользователь\AppData\Local\Programs\MiKTeX 2.9\tex\gener
ic\oberdiek\infwarerr.sty"
Package: infwarerr 2016/05/16 v1.4 Providing info/warning/error messages (HO)
)
("C:\Users\Пользователь\AppData\Local\Programs\MiKTeX 2.9\tex\gener
ic\oberdiek\ltxcmds.sty"
Package: ltxcmds 2016/05/16 v1.23 LaTeX kernel commands for general use (HO)
))
("C:\Users\Пользователь\AppData\Local\Programs\MiKTeX 2.9\tex\latex
\hyperref\hyperref.sty"
Package: hyperref 2018/02/06 v6.86b Hypertext links for LaTeX

("C:\Users\Пользователь\AppData\Local\Programs\MiKTeX 2.9\tex\gener
ic\oberdiek\hobsub-hyperref.sty"
Package: hobsub-hyperref 2016/05/16 v1.14 Bundle oberdiek, subset hyperref (HO)


("C:\Users\Пользователь\AppData\Local\Programs\MiKTeX 2.9\tex\gener
ic\oberdiek\hobsub-generic.sty"
Package: hobsub-generic 2016/05/16 v1.14 Bundle oberdiek, subset generic (HO)
Package: hobsub 2016/05/16 v1.14 Construct package bundles (HO)
Package hobsub Info: Skipping package `infwarerr' (already loaded).
Package hobsub Info: Skipping package `ltxcmds' (already loaded).
Package: ifluatex 2016/05/16 v1.4 Provides the ifluatex switch (HO)
Package ifluatex Info: LuaTeX not detected.
Package hobsub Info: Skipping package `ifvtex' (already loaded).
Package: intcalc 2016/05/16 v1.2 Expandable calculations with integers (HO)
Package hobsub Info: Skipping package `ifpdf' (already loaded).
Package: etexcmds 2016/05/16 v1.6 Avoid name clashes with e-TeX commands (HO)
Package etexcmds Info: Could not find \expanded.
(etexcmds)             That can mean that you are not using pdfTeX 1.50 or
(etexcmds)             that some package has redefined \expanded.
(etexcmds)             In the latter case, load this package earlier.
Package: kvsetkeys 2016/05/16 v1.17 Key value parser (HO)
Package: kvdefinekeys 2016/05/16 v1.4 Define keys (HO)
Package: pdftexcmds 2018/09/07 v0.28 Utility functions of pdfTeX for LuaTeX (HO
)
Package pdftexcmds Info: LuaTeX not detected.
Package pdftexcmds Info: \pdf@primitive is available.
Package pdftexcmds Info: \pdf@ifprimitive is available.
Package pdftexcmds Info: \pdfdraftmode found.
Package: pdfescape 2016/05/16 v1.14 Implements pdfTeX's escape features (HO)
Package: bigintcalc 2016/05/16 v1.4 Expandable calculations on big integers (HO
)
Package: bitset 2016/05/16 v1.2 Handle bit-vector datatype (HO)
Package: uniquecounter 2016/05/16 v1.3 Provide unlimited unique counter (HO)
)
Package hobsub Info: Skipping package `hobsub' (already loaded).
Package: letltxmacro 2016/05/16 v1.5 Let assignment for LaTeX macros (HO)
Package: hopatch 2016/05/16 v1.3 Wrapper for package hooks (HO)
Package: xcolor-patch 2016/05/16 xcolor patch
Package: atveryend 2016/05/16 v1.9 Hooks at the very end of document (HO)
Package hobsub Info: Skipping package `atbegshi' (already loaded).
Package: refcount 2016/05/16 v3.5 Data extraction from label references (HO)
Package: hycolor 2016/05/16 v1.8 Color options for hyperref/bookmark (HO)
)
("C:\Users\Пользователь\AppData\Local\Programs\MiKTeX 2.9\tex\latex
\oberdiek\auxhook.sty"
Package: auxhook 2016/05/16 v1.4 Hooks for auxiliary files (HO)
)
("C:\Users\Пользователь\AppData\Local\Programs\MiKTeX 2.9\tex\latex
\oberdiek\kvoptions.sty"
Package: kvoptions 2016/05/16 v3.12 Key value format for package options (HO)
)
\@linkdim=\dimen163
\Hy@linkcounter=\count120
\Hy@pagecounter=\count121

("C:\Users\Пользователь\AppData\Local\Programs\MiKTeX 2.9\tex\latex
\hyperref\pd1enc.def"
File: pd1enc.def 2018/02/06 v6.86b Hyperref: PDFDocEncoding definition (HO)
Now handling font encoding PD1 ...
... no UTF-8 mapping file for font encoding PD1
)
\Hy@SavedSpaceFactor=\count122

("C:\Users\Пользователь\AppData\Local\Programs\MiKTeX 2.9\tex\latex
\00miktex\hyperref.cfg"
File: hyperref.cfg 2002/06/06 v1.2 hyperref configuration of TeXLive
)
Package hyperref Info: Option `bookmarks' set `true' on input line 4383.
Package hyperref Info: Option `bookmarksopen' set `true' on input line 4383.
Package hyperref Info: Option `unicode' set `true' on input line 4383.

("C:\Users\Пользователь\AppData\Local\Programs\MiKTeX 2.9\tex\latex
\hyperref\puenc.def"
File: puenc.def 2018/02/06 v6.86b Hyperref: PDF Unicode definition (HO)
Now handling font encoding PU ...
... no UTF-8 mapping file for font encoding PU
)
Package hyperref Info: Option `implicit' set `false' on input line 4383.
Package hyperref Info: Hyper figures OFF on input line 4509.
Package hyperref Info: Link nesting OFF on input line 4514.
Package hyperref Info: Hyper index ON on input line 4517.
Package hyperref Info: Plain pages OFF on input line 4524.
Package hyperref Info: Backreferencing OFF on input line 4529.
Package hyperref Info: Implicit mode OFF; no redefinition of LaTeX internals.
Package hyperref Info: Bookmarks ON on input line 4762.
\c@Hy@tempcnt=\count123

("C:\Users\Пользователь\AppData\Local\Programs\MiKTeX 2.9\tex\latex
\url\url.sty"
\Urlmuskip=\muskip10
Package: url 2013/09/16  ver 3.4  Verb mode for urls, etc.
)
LaTeX Info: Redefining \url on input line 5115.
\XeTeXLinkMargin=\dimen164
\Fld@menulength=\count124
\Field@Width=\dimen165
\Fld@charsize=\dimen166
Package hyperref Info: Hyper figures OFF on input line 6369.
Package hyperref Info: Link nesting OFF on input line 6374.
Package hyperref Info: Hyper index ON on input line 6377.
Package hyperref Info: backreferencing OFF on input line 6384.
Package hyperref Info: Link coloring OFF on input line 6389.
Package hyperref Info: Link coloring with OCG OFF on input line 6394.
Package hyperref Info: PDF/A mode OFF on input line 6399.
LaTeX Info: Redefining \ref on input line 6439.
LaTeX Info: Redefining \pageref on input line 6443.
\Hy@abspage=\count125


Package hyperref Message: Stopped early.

)
Package hyperref Info: Driver: hpdftex.

("C:\Users\Пользователь\AppData\Local\Programs\MiKTeX 2.9\tex\latex
\hyperref\hpdftex.def"
File: hpdftex.def 2018/02/06 v6.86b Hyperref driver for pdfTeX
\Fld@listcount=\count126
\c@bookmark@seq@number=\count127

("C:\Users\Пользователь\AppData\Local\Programs\MiKTeX 2.9\tex\latex
\oberdiek\rerunfilecheck.sty"
Package: rerunfilecheck 2016/05/16 v1.8 Rerun checks for auxiliary files (HO)
Package uniquecounter Info: New unique counter `rerunfilecheck' on input line 2
82.
))
("C:\Users\Пользователь\AppData\Local\Programs\MiKTeX 2.9\tex\latex
\ucs\ucs.sty"
Package: ucs 2013/05/11 v2.2 UCS: Unicode input support

("C:\Users\Пользователь\AppData\Local\Programs\MiKTeX 2.9\tex\latex
\ucs\uni-global.def"
File: uni-global.def 2013/05/13 UCS: Unicode global data
)
\uc@secondtry=\count128
\uc@combtoks=\toks26
\uc@combtoksb=\toks27
\uc@temptokena=\toks28
)
("C:\Users\Пользователь\AppData\Local\Programs\MiKTeX 2.9\tex\latex
\ucs\ucshyper.sty"
Package: ucshyper 2002/03/05 UCS: Unicode in Hyperref's PDF bookmarks
)
("C:\Users\Пользователь\AppData\Local\Programs\MiKTeX 2.9\tex\latex
\beamer\beamerbaserequires.sty"
("C:\Users\Пользователь\AppData\Local\Programs\MiKTeX 2.9\tex\latex
\beamer\beamerbasecompatibility.sty")
("C:\Users\Пользователь\AppData\Local\Programs\MiKTeX 2.9\tex\latex
\beamer\beamerbasefont.sty"
("C:\Users\Пользователь\AppData\Local\Programs\MiKTeX 2.9\tex\latex
\amsfonts\amssymb.sty"
Package: amssymb 2013/01/14 v3.01 AMS font symbols

("C:\Users\Пользователь\AppData\Local\Programs\MiKTeX 2.9\tex\latex
\amsfonts\amsfonts.sty"
Package: amsfonts 2013/01/14 v3.01 Basic AMSFonts support
\@emptytoks=\toks29
\symAMSa=\mathgroup4
\symAMSb=\mathgroup5
LaTeX Font Info:    Overwriting math alphabet `\mathfrak' in version `bold'
(Font)                  U/euf/m/n --> U/euf/b/n on input line 106.
))
("C:\Users\Пользователь\AppData\Local\Programs\MiKTeX 2.9\tex\latex
\sansmathaccent\sansmathaccent.sty"
Package: sansmathaccent 2013/03/28

("C:\Users\Пользователь\AppData\Local\Programs\MiKTeX 2.9\tex\latex
\filehook\filehook.sty"
Package: filehook 2011/10/12 v0.5d Hooks for input files
)))
("C:\Users\Пользователь\AppData\Local\Programs\MiKTeX 2.9\tex\latex
\beamer\beamerbasetranslator.sty"
("C:\Users\Пользователь\AppData\Local\Programs\MiKTeX 2.9\tex\latex
\translator\translator.sty"
Package: translator 2018/01/04 v1.12 Easy translation of strings in LaTeX
))
("C:\Users\Пользователь\AppData\Local\Programs\MiKTeX 2.9\tex\latex
\beamer\beamerbasemisc.sty")
("C:\Users\Пользователь\AppData\Local\Programs\MiKTeX 2.9\tex\latex
\beamer\beamerbasetwoscreens.sty")
("C:\Users\Пользователь\AppData\Local\Programs\MiKTeX 2.9\tex\latex
\beamer\beamerbaseoverlay.sty"
\beamer@argscount=\count129
\beamer@lastskipcover=\skip44
\beamer@trivlistdepth=\count130
)
("C:\Users\Пользователь\AppData\Local\Programs\MiKTeX 2.9\tex\latex
\beamer\beamerbasetitle.sty")
("C:\Users\Пользователь\AppData\Local\Programs\MiKTeX 2.9\tex\latex
\beamer\beamerbasesection.sty"
\c@lecture=\count131
\c@part=\count132
\c@section=\count133
\c@subsection=\count134
\c@subsubsection=\count135
)
("C:\Users\Пользователь\AppData\Local\Programs\MiKTeX 2.9\tex\latex
\beamer\beamerbaseframe.sty"
\beamer@framebox=\box40
\beamer@frametitlebox=\box41
\beamer@zoombox=\box42
\beamer@zoomcount=\count136
\beamer@zoomframecount=\count137
\beamer@frametextheight=\dimen167
\c@subsectionslide=\count138
\beamer@frametopskip=\skip45
\beamer@framebottomskip=\skip46
\beamer@frametopskipautobreak=\skip47
\beamer@framebottomskipautobreak=\skip48
\beamer@envbody=\toks30
\framewidth=\dimen168
\c@framenumber=\count139
)
("C:\Users\Пользователь\AppData\Local\Programs\MiKTeX 2.9\tex\latex
\beamer\beamerbaseverbatim.sty"
\beamer@verbatimfileout=\write4
)
("C:\Users\Пользователь\AppData\Local\Programs\MiKTeX 2.9\tex\latex
\beamer\beamerbaseframesize.sty"
\beamer@splitbox=\box43
\beamer@autobreakcount=\count140
\beamer@autobreaklastheight=\dimen169
\beamer@frametitletoks=\toks31
\beamer@framesubtitletoks=\toks32
)
("C:\Users\Пользователь\AppData\Local\Programs\MiKTeX 2.9\tex\latex
\beamer\beamerbaseframecomponents.sty"
\beamer@footins=\box44
)
("C:\Users\Пользователь\AppData\Local\Programs\MiKTeX 2.9\tex\latex
\beamer\beamerbasecolor.sty")
("C:\Users\Пользователь\AppData\Local\Programs\MiKTeX 2.9\tex\latex
\beamer\beamerbasenotes.sty"
\beamer@frameboxcopy=\box45
)
("C:\Users\Пользователь\AppData\Local\Programs\MiKTeX 2.9\tex\latex
\beamer\beamerbasetoc.sty")
("C:\Users\Пользователь\AppData\Local\Programs\MiKTeX 2.9\tex\latex
\beamer\beamerbasetemplates.sty"
\beamer@sbttoks=\toks33

("C:\Users\Пользователь\AppData\Local\Programs\MiKTeX 2.9\tex\latex
\beamer\beamerbaseauxtemplates.sty"
("C:\Users\Пользователь\AppData\Local\Programs\MiKTeX 2.9\tex\latex
\beamer\beamerbaseboxes.sty"
\bmb@box=\box46
\bmb@colorbox=\box47
\bmb@boxshadow=\box48
\bmb@boxshadowball=\box49
\bmb@boxshadowballlarge=\box50
\bmb@temp=\dimen170
\bmb@dima=\dimen171
\bmb@dimb=\dimen172
\bmb@prevheight=\dimen173
)
\beamer@blockheadheight=\dimen174
))
("C:\Users\Пользователь\AppData\Local\Programs\MiKTeX 2.9\tex\latex
\beamer\beamerbaselocalstructure.sty"
("C:\Users\Пользователь\AppData\Local\Programs\MiKTeX 2.9\tex\latex
\tools\enumerate.sty"
Package: enumerate 2015/07/23 v3.00 enumerate extensions (DPC)
\@enLab=\toks34
)
\c@figure=\count141
\c@table=\count142
\abovecaptionskip=\skip49
\belowcaptionskip=\skip50
)
("C:\Users\Пользователь\AppData\Local\Programs\MiKTeX 2.9\tex\latex
\beamer\beamerbasenavigation.sty"
\beamer@section@min@dim=\dimen175
)
("C:\Users\Пользователь\AppData\Local\Programs\MiKTeX 2.9\tex\latex
\beamer\beamerbasetheorems.sty"
("C:\Users\Пользователь\AppData\Local\Programs\MiKTeX 2.9\tex\latex
\amsmath\amsmath.sty"
Package: amsmath 2017/09/02 v2.17a AMS math features
\@mathmargin=\skip51

For additional information on amsmath, use the `?' option.

("C:\Users\Пользователь\AppData\Local\Programs\MiKTeX 2.9\tex\latex
\amsmath\amstext.sty"
Package: amstext 2000/06/29 v2.01 AMS text

("C:\Users\Пользователь\AppData\Local\Programs\MiKTeX 2.9\tex\latex
\amsmath\amsgen.sty"
File: amsgen.sty 1999/11/30 v2.0 generic functions
\@emptytoks=\toks35
\ex@=\dimen176
))
("C:\Users\Пользователь\AppData\Local\Programs\MiKTeX 2.9\tex\latex
\amsmath\amsbsy.sty"
Package: amsbsy 1999/11/29 v1.2d Bold Symbols
\pmbraise@=\dimen177
)
("C:\Users\Пользователь\AppData\Local\Programs\MiKTeX 2.9\tex\latex
\amsmath\amsopn.sty"
Package: amsopn 2016/03/08 v2.02 operator names
)
\inf@bad=\count143
LaTeX Info: Redefining \frac on input line 213.
\uproot@=\count144
\leftroot@=\count145
LaTeX Info: Redefining \overline on input line 375.
\classnum@=\count146
\DOTSCASE@=\count147
LaTeX Info: Redefining \ldots on input line 472.
LaTeX Info: Redefining \dots on input line 475.
LaTeX Info: Redefining \cdots on input line 596.
\Mathstrutbox@=\box51
\strutbox@=\box52
\big@size=\dimen178
LaTeX Font Info:    Redeclaring font encoding OML on input line 712.
LaTeX Font Info:    Redeclaring font encoding OMS on input line 713.
\macc@depth=\count148
\c@MaxMatrixCols=\count149
\dotsspace@=\muskip11
\c@parentequation=\count150
\dspbrk@lvl=\count151
\tag@help=\toks36
\row@=\count152
\column@=\count153
\maxfields@=\count154
\andhelp@=\toks37
\eqnshift@=\dimen179
\alignsep@=\dimen180
\tagshift@=\dimen181
\tagwidth@=\dimen182
\totwidth@=\dimen183
\lineht@=\dimen184
\@envbody=\toks38
\multlinegap=\skip52
\multlinetaggap=\skip53
\mathdisplay@stack=\toks39
LaTeX Info: Redefining \[ on input line 2817.
LaTeX Info: Redefining \] on input line 2818.
)
("C:\Users\Пользователь\AppData\Local\Programs\MiKTeX 2.9\tex\latex
\amscls\amsthm.sty"
Package: amsthm 2017/10/31 v2.20.4
\thm@style=\toks40
\thm@bodyfont=\toks41
\thm@headfont=\toks42
\thm@notefont=\toks43
\thm@headpunct=\toks44
\thm@preskip=\skip54
\thm@postskip=\skip55
\thm@headsep=\skip56
\dth@everypar=\toks45
))
("C:\Users\Пользователь\AppData\Local\Programs\MiKTeX 2.9\tex\latex
\beamer\beamerbasethemes.sty"))
("C:\Users\Пользователь\AppData\Local\Programs\MiKTeX 2.9\tex\latex
\beamer\beamerthemedefault.sty"
("C:\Users\Пользователь\AppData\Local\Programs\MiKTeX 2.9\tex\latex
\beamer\beamerfontthemedefault.sty")
("C:\Users\Пользователь\AppData\Local\Programs\MiKTeX 2.9\tex\latex
\beamer\beamercolorthemedefault.sty")
("C:\Users\Пользователь\AppData\Local\Programs\MiKTeX 2.9\tex\latex
\beamer\beamerinnerthemedefault.sty"
\beamer@dima=\dimen185
\beamer@dimb=\dimen186
)
("C:\Users\Пользователь\AppData\Local\Programs\MiKTeX 2.9\tex\latex
\beamer\beamerouterthemedefault.sty"))) (beamerthemeStatmod.sty
Package: beamerthemeStatmod 2007/05/12

(beamerinnerthemestatmod.sty) (beamerouterthemestatmod.sty
Package: beamerouterthemestatmod 2007/05/12


Package pgf Warning: File "statmod/logo" not found when defining image "statmod
logotext". Tried all extensions in ".pdf:.jpg:.jpeg:.png:" on input line 17.


Package pgf Warning: Missing width for image "statmodlogotext" ("statmod/logo")
 in draft mode. Using 1cm instead on input line 17.

) (beamercolorthemestatmodblue.sty

LaTeX Warning: You have requested package `beamercolorthemestatmodblue',
               but the package provides `beamercolorthemenstatmodblue'.

Package: beamercolorthemenstatmodblue 2007/05/12
)
("C:\Users\Пользователь\AppData\Local\Programs\MiKTeX 2.9\tex\latex
\beamer\beamerfontthemeserif.sty"))
("C:\Users\Пользователь\AppData\Local\Programs\MiKTeX 2.9\tex\latex
\pgf\utilities\pgfpages.sty"
Package: pgfpages 2011/01/05 ver 0.02

("C:\Users\Пользователь\AppData\Local\Programs\MiKTeX 2.9\tex\latex
\tools\calc.sty"
Package: calc 2017/05/25 v4.3 Infix arithmetic (KKT,FJ)
\calc@Acount=\count155
\calc@Bcount=\count156
\calc@Adimen=\dimen187
\calc@Bdimen=\dimen188
\calc@Askip=\skip57
\calc@Bskip=\skip58
LaTeX Info: Redefining \setlength on input line 80.
LaTeX Info: Redefining \addtolength on input line 81.
\calc@Ccount=\count157
\calc@Cskip=\skip59
)
\pgf@logicalpages=\count158
\pgf@firstshipout=\count159
\pgf@lastshipout=\count160
\pgf@currentshipout=\count161
\pgf@cpn=\count162
\pgf@shipoutnextto=\count163
\pgfphysicalheight=\dimen189
\pgfphysicalwidth=\dimen190
\pgfpages@shipoutbox=\box53
)
("C:\Users\Пользователь\AppData\Local\Programs\MiKTeX 2.9\tex\latex
\base\inputenc.sty"
Package: inputenc 2018/04/06 v1.3b Input encoding file
\inpenc@prehook=\toks46
\inpenc@posthook=\toks47

("C:\Users\Пользователь\AppData\Local\Programs\MiKTeX 2.9\tex\latex
\ucs\utf8x.def"
File: utf8x.def 2004/10/17 UCS: Input encoding UTF-8
))
("C:\Users\Пользователь\AppData\Local\Programs\MiKTeX 2.9\tex\latex
\base\fontenc.sty"
Package: fontenc 2017/04/05 v2.0i Standard LaTeX package

("C:\Users\Пользователь\AppData\Local\Programs\MiKTeX 2.9\tex\latex
\cyrillic\t2aenc.def"
File: t2aenc.def 2005/09/27 v1.0i Cyrillic encoding definition file
)
LaTeX Font Info:    Try loading font information for T2A+cmss on input line 105
.

("C:\Users\Пользователь\AppData\Local\Programs\MiKTeX 2.9\tex\latex
\cyrillic\t2acmss.fd"
File: t2acmss.fd 2001/08/11 v1.0a Computer Modern Cyrillic font definitions
))
("C:\Users\Пользователь\AppData\Local\Programs\MiKTeX 2.9\tex\gener
ic\babel\babel.sty"
Package: babel 2018/09/02 3.23 The Babel package

("C:\Users\Пользователь\AppData\Local\Programs\MiKTeX 2.9\tex\gener
ic\babel\switch.def"
File: switch.def 2018/09/02 3.23 Babel switching mechanism
)
*************************************
* Local config file bblopts.cfg used
*

("C:\Users\Пользователь\AppData\Local\Programs\MiKTeX 2.9\tex\latex
\arabi\bblopts.cfg"
File: bblopts.cfg 2005/09/08 v0.1 add Arabic and Farsi to "declared" options of
 babel
)
("C:\Users\Пользователь\AppData\Local\Programs\MiKTeX 2.9\tex\latex
\babel-russian\russianb.ldf"
Language: russian 2017/08/12 1.3j Russian support for the Babel system

("C:\Users\Пользователь\AppData\Local\Programs\MiKTeX 2.9\tex\gener
ic\babel\babel.def"
File: babel.def 2018/09/02 3.23 Babel common definitions
\babel@savecnt=\count164
\U@D=\dimen191

("C:\Users\Пользователь\AppData\Local\Programs\MiKTeX 2.9\tex\gener
ic\babel\txtbabel.def")
LaTeX Info: Redefining \textlatin on input line 1933.
\bbl@dirlevel=\count165
)
Package babel Info: Making " an active character on input line 120.
Package babel Info: Default for \cyrdash is provided on input line 157.
))
("C:\Users\Пользователь\AppData\Local\Programs\MiKTeX 2.9\tex\latex
\pgf\frontendlayer\tikz.sty"
("C:\Users\Пользователь\AppData\Local\Programs\MiKTeX 2.9\tex\latex
\pgf\basiclayer\pgf.sty"
Package: pgf 2015/08/07 v3.0.1a (rcs-revision 1.15)

("C:\Users\Пользователь\AppData\Local\Programs\MiKTeX 2.9\tex\gener
ic\pgf\modules\pgfmoduleshapes.code.tex"
File: pgfmoduleshapes.code.tex 2014/03/21  (rcs-revision 1.35)
\pgfnodeparttextbox=\box54
)
("C:\Users\Пользователь\AppData\Local\Programs\MiKTeX 2.9\tex\gener
ic\pgf\modules\pgfmoduleplot.code.tex"
File: pgfmoduleplot.code.tex 2015/08/03  (rcs-revision 1.13)
)
("C:\Users\Пользователь\AppData\Local\Programs\MiKTeX 2.9\tex\latex
\pgf\compatibility\pgfcomp-version-0-65.sty"
Package: pgfcomp-version-0-65 2007/07/03 v3.0.1a (rcs-revision 1.7)
\pgf@nodesepstart=\dimen192
\pgf@nodesepend=\dimen193
)
("C:\Users\Пользователь\AppData\Local\Programs\MiKTeX 2.9\tex\latex
\pgf\compatibility\pgfcomp-version-1-18.sty"
Package: pgfcomp-version-1-18 2007/07/23 v3.0.1a (rcs-revision 1.1)
))
("C:\Users\Пользователь\AppData\Local\Programs\MiKTeX 2.9\tex\latex
\pgf\utilities\pgffor.sty"
("C:\Users\Пользователь\AppData\Local\Programs\MiKTeX 2.9\tex\latex
\pgf\utilities\pgfkeys.sty"
("C:\Users\Пользователь\AppData\Local\Programs\MiKTeX 2.9\tex\gener
ic\pgf\utilities\pgfkeys.code.tex"))
("C:\Users\Пользователь\AppData\Local\Programs\MiKTeX 2.9\tex\latex
\pgf\math\pgfmath.sty"
("C:\Users\Пользователь\AppData\Local\Programs\MiKTeX 2.9\tex\gener
ic\pgf\math\pgfmath.code.tex"))
("C:\Users\Пользователь\AppData\Local\Programs\MiKTeX 2.9\tex\gener
ic\pgf\utilities\pgffor.code.tex"
Package: pgffor 2013/12/13 v3.0.1a (rcs-revision 1.25)

("C:\Users\Пользователь\AppData\Local\Programs\MiKTeX 2.9\tex\gener
ic\pgf\math\pgfmath.code.tex")
\pgffor@iter=\dimen194
\pgffor@skip=\dimen195
\pgffor@stack=\toks48
\pgffor@toks=\toks49
))
("C:\Users\Пользователь\AppData\Local\Programs\MiKTeX 2.9\tex\gener
ic\pgf\frontendlayer\tikz\tikz.code.tex"
Package: tikz 2015/08/07 v3.0.1a (rcs-revision 1.151)

("C:\Users\Пользователь\AppData\Local\Programs\MiKTeX 2.9\tex\gener
ic\pgf\libraries\pgflibraryplothandlers.code.tex"
File: pgflibraryplothandlers.code.tex 2013/08/31 v3.0.1a (rcs-revision 1.20)
\pgf@plot@mark@count=\count166
\pgfplotmarksize=\dimen196
)
\tikz@lastx=\dimen197
\tikz@lasty=\dimen198
\tikz@lastxsaved=\dimen199
\tikz@lastysaved=\dimen256
\tikzleveldistance=\dimen257
\tikzsiblingdistance=\dimen258
\tikz@figbox=\box55
\tikz@figbox@bg=\box56
\tikz@tempbox=\box57
\tikz@tempbox@bg=\box58
\tikztreelevel=\count167
\tikznumberofchildren=\count168
\tikznumberofcurrentchild=\count169
\tikz@fig@count=\count170

("C:\Users\Пользователь\AppData\Local\Programs\MiKTeX 2.9\tex\gener
ic\pgf\modules\pgfmodulematrix.code.tex"
File: pgfmodulematrix.code.tex 2013/09/17  (rcs-revision 1.8)
\pgfmatrixcurrentrow=\count171
\pgfmatrixcurrentcolumn=\count172
\pgf@matrix@numberofcolumns=\count173
)
\tikz@expandcount=\count174

("C:\Users\Пользователь\AppData\Local\Programs\MiKTeX 2.9\tex\gener
ic\pgf\frontendlayer\tikz\libraries\tikzlibrarytopaths.code.tex"
File: tikzlibrarytopaths.code.tex 2008/06/17 v3.0.1a (rcs-revision 1.2)
)))
("C:\Users\Пользователь\AppData\Local\Programs\MiKTeX 2.9\tex\latex
\ms\ragged2e.sty"
Package: ragged2e 2009/05/21 v2.1 ragged2e Package (MS)

("C:\Users\Пользователь\AppData\Local\Programs\MiKTeX 2.9\tex\latex
\ms\everysel.sty"
Package: everysel 2011/10/28 v1.2 EverySelectfont Package (MS)
)
\CenteringLeftskip=\skip60
\RaggedLeftLeftskip=\skip61
\RaggedRightLeftskip=\skip62
\CenteringRightskip=\skip63
\RaggedLeftRightskip=\skip64
\RaggedRightRightskip=\skip65
\CenteringParfillskip=\skip66
\RaggedLeftParfillskip=\skip67
\RaggedRightParfillskip=\skip68
\JustifyingParfillskip=\skip69
\CenteringParindent=\skip70
\RaggedLeftParindent=\skip71
\RaggedRightParindent=\skip72
\JustifyingParindent=\skip73
)
\c@theorem=\count175
\c@lemma=\count176

("C:\Users\Пользователь\AppData\Local\Programs\MiKTeX 2.9\tex\latex
\tools\bm.sty"
Package: bm 2017/01/16 v1.2c Bold Symbol Support (DPC/FMi)
\symboldoperators=\mathgroup6
\symboldletters=\mathgroup7
\symboldsymbols=\mathgroup8
LaTeX Font Info:    Redeclaring math alphabet \mathbf on input line 141.
LaTeX Info: Redefining \bm on input line 207.
)
("C:\Users\Пользователь\AppData\Local\Programs\MiKTeX 2.9\tex\latex
\bbold\bbold.sty"
Package: bbold 1994/04/06 Bbold symbol package
LaTeX Font Info:    Redeclaring math alphabet \mathbb on input line 42.
)
("C:\Users\Пользователь\AppData\Local\Programs\MiKTeX 2.9\tex\latex
\pgfplots\pgfplots.sty"
("C:\Users\Пользователь\AppData\Local\Programs\MiKTeX 2.9\tex\gener
ic\pgfplots\pgfplots.revision.tex")
Package: pgfplots 2018/03/28 v1.16 Data Visualization (1.16)

("C:\Users\Пользователь\AppData\Local\Programs\MiKTeX 2.9\tex\gener
ic\pgfplots\pgfplots.code.tex"
("C:\Users\Пользователь\AppData\Local\Programs\MiKTeX 2.9\tex\gener
ic\pgfplots\pgfplotscore.code.tex"
\t@pgfplots@toka=\toks50
\t@pgfplots@tokb=\toks51
\t@pgfplots@tokc=\toks52
\pgfplots@tmpa=\dimen259
\c@pgfplots@coordindex=\count177
\c@pgfplots@scanlineindex=\count178

("C:\Users\Пользователь\AppData\Local\Programs\MiKTeX 2.9\tex\gener
ic\pgfplots\sys\pgfplotssysgeneric.code.tex"))
("C:\Users\Пользователь\AppData\Local\Programs\MiKTeX 2.9\tex\gener
ic\pgfplots\libs\pgfplotslibrary.code.tex")
("C:\Users\Пользователь\AppData\Local\Programs\MiKTeX 2.9\tex\gener
ic\pgfplots\oldpgfcompatib\pgfplotsoldpgfsupp_loader.code.tex"
("C:\Users\Пользователь\AppData\Local\Programs\MiKTeX 2.9\tex\gener
ic\pgf\libraries\pgflibraryfpu.code.tex")
Package pgfplots: loading complementary arithmetics for your pgf version...

("C:\Users\Пользователь\AppData\Local\Programs\MiKTeX 2.9\tex\gener
ic\pgfplots\oldpgfcompatib\pgfplotsoldpgfsupp_pgflibraryfpu.code.tex")
("C:\Users\Пользователь\AppData\Local\Programs\MiKTeX 2.9\tex\gener
ic\pgfplots\oldpgfcompatib\pgfplotsoldpgfsupp_pgfmathfloat.code.tex"
\c@pgfmathroundto@lastzeros=\count179
)
("C:\Users\Пользователь\AppData\Local\Programs\MiKTeX 2.9\tex\gener
ic\pgfplots\oldpgfcompatib\pgfplotsoldpgfsupp_leq.code.tex"))
("C:\Users\Пользователь\AppData\Local\Programs\MiKTeX 2.9\tex\gener
ic\pgfplots\util\pgfplotsutil.code.tex"
("C:\Users\Пользователь\AppData\Local\Programs\MiKTeX 2.9\tex\gener
ic\pgfplots\liststructure\pgfplotsliststructure.code.tex")
("C:\Users\Пользователь\AppData\Local\Programs\MiKTeX 2.9\tex\gener
ic\pgfplots\liststructure\pgfplotsliststructureext.code.tex")
("C:\Users\Пользователь\AppData\Local\Programs\MiKTeX 2.9\tex\gener
ic\pgfplots\liststructure\pgfplotsarray.code.tex"
\c@pgfplotsarray@tmp=\count180
)
("C:\Users\Пользователь\AppData\Local\Programs\MiKTeX 2.9\tex\gener
ic\pgfplots\liststructure\pgfplotsmatrix.code.tex")
("C:\Users\Пользователь\AppData\Local\Programs\MiKTeX 2.9\tex\gener
ic\pgfplots\numtable\pgfplotstableshared.code.tex"
\c@pgfplotstable@counta=\count181
\t@pgfplotstable@a=\toks53
)
("C:\Users\Пользователь\AppData\Local\Programs\MiKTeX 2.9\tex\gener
ic\pgfplots\liststructure\pgfplotsdeque.code.tex")
("C:\Users\Пользователь\AppData\Local\Programs\MiKTeX 2.9\tex\gener
ic\pgfplots\util\pgfplotsbinary.code.tex"
("C:\Users\Пользователь\AppData\Local\Programs\MiKTeX 2.9\tex\gener
ic\pgfplots\util\pgfplotsbinary.data.code.tex"))
("C:\Users\Пользователь\AppData\Local\Programs\MiKTeX 2.9\tex\gener
ic\pgfplots\util\pgfplotsutil.verb.code.tex")
("C:\Users\Пользователь\AppData\Local\Programs\MiKTeX 2.9\tex\gener
ic\pgfplots\libs\pgflibrarypgfplots.surfshading.code.tex"
\c@pgfplotslibrarysurf@no=\count182

("C:\Users\Пользователь\AppData\Local\Programs\MiKTeX 2.9\tex\gener
ic\pgfplots\sys\pgflibrarypgfplots.surfshading.pgfsys-pdftex.def")))
("C:\Users\Пользователь\AppData\Local\Programs\MiKTeX 2.9\tex\gener
ic\pgfplots\util\pgfplotscolormap.code.tex"
("C:\Users\Пользователь\AppData\Local\Programs\MiKTeX 2.9\tex\gener
ic\pgfplots\util\pgfplotscolor.code.tex"))
("C:\Users\Пользователь\AppData\Local\Programs\MiKTeX 2.9\tex\gener
ic\pgfplots\pgfplotsstackedplots.code.tex")
("C:\Users\Пользователь\AppData\Local\Programs\MiKTeX 2.9\tex\gener
ic\pgfplots\pgfplotsplothandlers.code.tex"
("C:\Users\Пользователь\AppData\Local\Programs\MiKTeX 2.9\tex\gener
ic\pgfplots\pgfplotsmeshplothandler.code.tex"
("C:\Users\Пользователь\AppData\Local\Programs\MiKTeX 2.9\tex\gener
ic\pgfplots\pgfplotsmeshplotimage.code.tex")))
("C:\Users\Пользователь\AppData\Local\Programs\MiKTeX 2.9\tex\gener
ic\pgfplots\pgfplots.scaling.code.tex")
("C:\Users\Пользователь\AppData\Local\Programs\MiKTeX 2.9\tex\gener
ic\pgfplots\pgfplotscoordprocessing.code.tex")
("C:\Users\Пользователь\AppData\Local\Programs\MiKTeX 2.9\tex\gener
ic\pgfplots\pgfplots.errorbars.code.tex")
("C:\Users\Пользователь\AppData\Local\Programs\MiKTeX 2.9\tex\gener
ic\pgfplots\pgfplots.markers.code.tex")
("C:\Users\Пользователь\AppData\Local\Programs\MiKTeX 2.9\tex\gener
ic\pgfplots\pgfplotsticks.code.tex")
("C:\Users\Пользователь\AppData\Local\Programs\MiKTeX 2.9\tex\gener
ic\pgfplots\pgfplots.paths.code.tex")
("C:\Users\Пользователь\AppData\Local\Programs\MiKTeX 2.9\tex\gener
ic\pgf\frontendlayer\tikz\libraries\tikzlibrarydecorations.code.tex"
("C:\Users\Пользователь\AppData\Local\Programs\MiKTeX 2.9\tex\gener
ic\pgf\modules\pgfmoduledecorations.code.tex"
\pgfdecoratedcompleteddistance=\dimen260
\pgfdecoratedremainingdistance=\dimen261
\pgfdecoratedinputsegmentcompleteddistance=\dimen262
\pgfdecoratedinputsegmentremainingdistance=\dimen263
\pgf@decorate@distancetomove=\dimen264
\pgf@decorate@repeatstate=\count183
\pgfdecorationsegmentamplitude=\dimen265
\pgfdecorationsegmentlength=\dimen266
)
\tikz@lib@dec@box=\box59
)
("C:\Users\Пользователь\AppData\Local\Programs\MiKTeX 2.9\tex\gener
ic\pgf\frontendlayer\tikz\libraries\tikzlibrarydecorations.pathmorphing.code.te
x"
("C:\Users\Пользователь\AppData\Local\Programs\MiKTeX 2.9\tex\gener
ic\pgf\libraries\decorations\pgflibrarydecorations.pathmorphing.code.tex"))
("C:\Users\Пользователь\AppData\Local\Programs\MiKTeX 2.9\tex\gener
ic\pgf\frontendlayer\tikz\libraries\tikzlibrarydecorations.pathreplacing.code.t
ex"
("C:\Users\Пользователь\AppData\Local\Programs\MiKTeX 2.9\tex\gener
ic\pgf\libraries\decorations\pgflibrarydecorations.pathreplacing.code.tex"))
\pgfplots@numplots=\count184
\pgfplots@xmin@reg=\dimen267
\pgfplots@xmax@reg=\dimen268
\pgfplots@ymin@reg=\dimen269
\pgfplots@ymax@reg=\dimen270
\pgfplots@zmin@reg=\dimen271
\pgfplots@zmax@reg=\dimen272
)
("C:\Users\Пользователь\AppData\Local\Programs\MiKTeX 2.9\tex\gener
ic\pgf\frontendlayer\tikz\libraries\tikzlibraryplotmarks.code.tex"
File: tikzlibraryplotmarks.code.tex 2008/01/09 v3.0.1a (rcs-revision 1.1)

("C:\Users\Пользователь\AppData\Local\Programs\MiKTeX 2.9\tex\gener
ic\pgf\libraries\pgflibraryplotmarks.code.tex"
File: pgflibraryplotmarks.code.tex 2015/08/03 v3.0.1a (rcs-revision 1.14)
)))
\c@alg=\count185
\c@zam=\count186
\c@example=\count187

("C:\Users\Пользователь\AppData\Local\Programs\MiKTeX 2.9\tex\latex
\ucs\uni-4.def"
File: uni-4.def 2013/05/13 UCS: Unicode data U+0400..U+04FF
) (slides2.aux

LaTeX Warning: Label `12' multiply defined.


LaTeX Warning: Label `13' multiply defined.


LaTeX Warning: Label `ris7' multiply defined.


LaTeX Warning: Label `ris7' multiply defined.


LaTeX Warning: Label `ris7' multiply defined.


LaTeX Warning: Label `ris7' multiply defined.


LaTeX Warning: Label `ris7' multiply defined.

)
\openout1 = `slides2.aux'.

LaTeX Font Info:    Checking defaults for OML/cmm/m/it on input line 70.
LaTeX Font Info:    ... okay on input line 70.
LaTeX Font Info:    Checking defaults for T1/cmr/m/n on input line 70.
LaTeX Font Info:    ... okay on input line 70.
LaTeX Font Info:    Checking defaults for OT1/cmr/m/n on input line 70.
LaTeX Font Info:    ... okay on input line 70.
LaTeX Font Info:    Checking defaults for OMS/cmsy/m/n on input line 70.
LaTeX Font Info:    ... okay on input line 70.
LaTeX Font Info:    Checking defaults for OMX/cmex/m/n on input line 70.
LaTeX Font Info:    ... okay on input line 70.
LaTeX Font Info:    Checking defaults for U/cmr/m/n on input line 70.
LaTeX Font Info:    ... okay on input line 70.
LaTeX Font Info:    Checking defaults for PD1/pdf/m/n on input line 70.
LaTeX Font Info:    ... okay on input line 70.
LaTeX Font Info:    Checking defaults for PU/pdf/m/n on input line 70.
LaTeX Font Info:    ... okay on input line 70.
LaTeX Font Info:    Checking defaults for T2A/cmr/m/n on input line 70.
LaTeX Font Info:    Try loading font information for T2A+cmr on input line 70.

("C:\Users\Пользователь\AppData\Local\Programs\MiKTeX 2.9\tex\latex
\cyrillic\t2acmr.fd"
File: t2acmr.fd 2001/08/11 v1.0a Computer Modern Cyrillic font definitions
)
LaTeX Font Info:    ... okay on input line 70.

*geometry* driver: auto-detecting
*geometry* detected driver: pdftex
*geometry* verbose mode - [ preamble ] result:
* driver: pdftex
* paper: custom
* layout: <same size as paper>
* layoutoffset:(h,v)=(0.0pt,0.0pt)
* modes: includehead includefoot 
* h-part:(L,W,R)=(28.45274pt, 307.28987pt, 28.45274pt)
* v-part:(T,H,B)=(0.0pt, 273.14662pt, 0.0pt)
* \paperwidth=364.19536pt
* \paperheight=273.14662pt
* \textwidth=307.28987pt
* \textheight=244.6939pt
* \oddsidemargin=-43.81725pt
* \evensidemargin=-43.81725pt
* \topmargin=-72.26999pt
* \headheight=14.22636pt
* \headsep=0.0pt
* \topskip=11.0pt
* \footskip=14.22636pt
* \marginparwidth=4.0pt
* \marginparsep=10.0pt
* \columnsep=10.0pt
* \skip\footins=10.0pt plus 4.0pt minus 2.0pt
* \hoffset=0.0pt
* \voffset=0.0pt
* \mag=1000
* \@twocolumnfalse
* \@twosidefalse
* \@mparswitchfalse
* \@reversemarginfalse
* (1in=72.27pt=25.4mm, 1cm=28.453pt)


("C:\Users\Пользователь\AppData\Local\Programs\MiKTeX 2.9\tex\conte
xt\base\supp-pdf.mkii"
[Loading MPS to PDF converter (version 2006.09.02).]
\scratchcounter=\count188
\scratchdimen=\dimen273
\scratchbox=\box60
\nofMPsegments=\count189
\nofMParguments=\count190
\everyMPshowfont=\toks54
\MPscratchCnt=\count191
\MPscratchDim=\dimen274
\MPnumerator=\count192
\makeMPintoPDFobject=\count193
\everyMPtoPDFconversion=\toks55
)
("C:\Users\Пользователь\AppData\Local\Programs\MiKTeX 2.9\tex\latex
\oberdiek\epstopdf-base.sty"
Package: epstopdf-base 2016/05/15 v2.6 Base part for package epstopdf

("C:\Users\Пользователь\AppData\Local\Programs\MiKTeX 2.9\tex\latex
\oberdiek\grfext.sty"
Package: grfext 2016/05/16 v1.2 Manage graphics extensions (HO)
)
Package epstopdf-base Info: Redefining graphics rule for `.eps' on input line 4
38.
Package grfext Info: Graphics extension search list:
(grfext)             [.pdf,.png,.jpg,.mps,.jpeg,.jbig2,.jb2,.PDF,.PNG,.JPG,.JPE
G,.JBIG2,.JB2,.eps]
(grfext)             \AppendGraphicsExtensions on input line 456.
) ABD: EveryShipout initializing macros
\AtBeginShipoutBox=\box61
Package hyperref Info: Link coloring OFF on input line 70.

("C:\Users\Пользователь\AppData\Local\Programs\MiKTeX 2.9\tex\latex
\hyperref\nameref.sty"
Package: nameref 2016/05/21 v2.44 Cross-referencing by name of section

("C:\Users\Пользователь\AppData\Local\Programs\MiKTeX 2.9\tex\gener
ic\oberdiek\gettitlestring.sty"
Package: gettitlestring 2016/05/16 v1.5 Cleanup title references (HO)
)
\c@section@level=\count194
)
LaTeX Info: Redefining \ref on input line 70.
LaTeX Info: Redefining \pageref on input line 70.
LaTeX Info: Redefining \nameref on input line 70.
 (slides2.out) (slides2.out)
\@outlinefile=\write5
\openout5 = `slides2.out'.


("C:\Users\Пользователь\AppData\Local\Programs\MiKTeX 2.9\tex\latex
\ucs\ucsencs.def"
File: ucsencs.def 2011/01/21 Fixes to fontencodings LGR, T3
)
("C:\Users\Пользователь\AppData\Local\Programs\MiKTeX 2.9\tex\latex
\ucs\uni-0.def"
File: uni-0.def 2013/05/13 UCS: Unicode data U+0000..U+00FF
)
("C:\Users\Пользователь\AppData\Local\Programs\MiKTeX 2.9\tex\latex
\ucs\uni-1.def"
File: uni-1.def 2013/05/13 UCS: Unicode data U+0100..U+01FF
)
("C:\Users\Пользователь\AppData\Local\Programs\MiKTeX 2.9\tex\latex
\translator\translator-basic-dictionary-English.dict"
Dictionary: translator-basic-dictionary, Language: English 
)
("C:\Users\Пользователь\AppData\Local\Programs\MiKTeX 2.9\tex\latex
\translator\translator-bibliography-dictionary-English.dict"
Dictionary: translator-bibliography-dictionary, Language: English 
)
("C:\Users\Пользователь\AppData\Local\Programs\MiKTeX 2.9\tex\latex
\translator\translator-environment-dictionary-English.dict"
Dictionary: translator-environment-dictionary, Language: English 
)
("C:\Users\Пользователь\AppData\Local\Programs\MiKTeX 2.9\tex\latex
\translator\translator-months-dictionary-English.dict"
Dictionary: translator-months-dictionary, Language: English 
)
("C:\Users\Пользователь\AppData\Local\Programs\MiKTeX 2.9\tex\latex
\translator\translator-numbers-dictionary-English.dict"
Dictionary: translator-numbers-dictionary, Language: English 
)
("C:\Users\Пользователь\AppData\Local\Programs\MiKTeX 2.9\tex\latex
\translator\translator-theorem-dictionary-English.dict"
Dictionary: translator-theorem-dictionary, Language: English 
)
ABD: EverySelectfont initializing macros
LaTeX Info: Redefining \selectfont on input line 70.

Package pgfplots notification 'compat/show suggested version=true': you might b
enefit from \pgfplotsset{compat=1.16} (current compat level: 1.9).

(slides2.nav) [1

{C:/Users/Пользователь/AppData/Local/MiKTeX/2.9/pdftex/config/pdfte
x.map}] [2

] [3

] [4

]
LaTeX Font Info:    Try loading font information for U+msa on input line 138.

("C:\Users\Пользователь\AppData\Local\Programs\MiKTeX 2.9\tex\latex
\amsfonts\umsa.fd"
File: umsa.fd 2013/01/14 v3.01 AMS symbols A
)
LaTeX Font Info:    Try loading font information for U+msb on input line 138.

("C:\Users\Пользователь\AppData\Local\Programs\MiKTeX 2.9\tex\latex
\amsfonts\umsb.fd"
File: umsb.fd 2013/01/14 v3.01 AMS symbols B
) [5

] [6

] [7

] [8

] [9

] [10

] [11

] [12

] [13

]
Overfull \hbox (15.891pt too wide) detected at line 338
[]\OML/cmm/m/it/10.95 :
 []


Overfull \vbox (0.47551pt too high) detected at line 338
 []

[14

] [15

] [16

] [17

]
Overfull \hbox (3.80444pt too wide) detected at line 412
[]\OT1/cmr/m/n/10.95 (\OML/cmm/m/it/10.95 []\OT1/cmr/m/n/10.95 ) + [](\OMS/cms
y/m/n/10.95  \OML/cmm/m/it/10.95 []\OT1/cmr/m/n/10.95 ) \OMS/cmsy/m/n/10.95   
[]\OT1/cmr/m/n/10.95 ((0\OML/cmm/m/it/10.95 :\OT1/cmr/m/n/10.95 1)\OML/cmm/m/i
t/10.95  \OMS/cmsy/m/n/10.95   []\OT1/cmr/m/n/10.95 ) \OMS/cmsy/m/n/10.95   []
\OT1/cmr/m/n/10.95 ([](0\OML/cmm/m/it/10.95 :\OT1/cmr/m/n/10.95 9)\OML/cmm/m/i
t/10.95  \OMS/cmsy/m/n/10.95   []\OT1/cmr/m/n/10.95 ) \OMS/cmsy/m/n/10.95  \O
T1/cmr/m/n/10.95 0\OML/cmm/m/it/10.95 ;
 []


Overfull \vbox (1.64119pt too high) detected at line 412
 []

[18

] [19

]
<prob.png, id=182, 2007.5pt x 2007.5pt>
File: prob.png Graphic file (type png)
<use prob.png>
Package pdftex.def Info: prob.png  used on input line 441.
(pdftex.def)             Requested size: 160.60327pt x 160.60327pt.
 [20

 <./prob.png>] [21

] [22

]
Overfull \vbox (3.80843pt too high) detected at line 477
 []

[23

]
<ris1.png, id=210, 495.35063pt x 417.81094pt>
File: ris1.png Graphic file (type png)
<use ris1.png>
Package pdftex.def Info: ris1.png  used on input line 497.
(pdftex.def)             Requested size: 122.91406pt x 103.67468pt.
<ris2.png, id=211, 495.35063pt x 417.81094pt>
File: ris2.png Graphic file (type png)
<use ris2.png>
Package pdftex.def Info: ris2.png  used on input line 497.
(pdftex.def)             Requested size: 122.91406pt x 103.67468pt.
 [24

 <./ris1.png> <./ris2.png>] [25

]
Overfull \hbox (21.40533pt too wide) detected at line 520
\OMS/cmsy/m/n/10.95  [] []\OT1/cmr/m/n/10.95 (2\OML/cmm/m/it/10.95  \OT1/cmr/m
/n/10.95 + 2\OML/cmm/m/it/10.95 \OT1/cmr/m/n/10.95 [](0\OML/cmm/m/it/10.95 :\
OT1/cmr/m/n/10.95 9)) + \OML/cmm/m/it/10.95 m[] \OMS/cmsy/m/n/10.95 j \OML/cmm/
m/it/10.95 = []\OT1/cmr/m/n/10.95 (2\OML/cmm/m/it/10.95  \OT1/cmr/m/n/10.95 + 
\OML/cmm/m/it/10.95 []\OT1/cmr/m/n/10.95 )([](\OML/cmm/m/it/10.95 [] \OMS/cms
y/m/n/10.95   \OT1/cmr/m/n/10.95 1))
 []


Overfull \hbox (0.8157pt too wide) detected at line 520
\OMS/cmsy/m/n/10.95  [] []\OT1/cmr/m/n/10.95 (2\OML/cmm/m/it/10.95 \OT1/cmr/m/
n/10.95 [](0\OML/cmm/m/it/10.95 :\OT1/cmr/m/n/10.95 9)) + \OML/cmm/m/it/10.95 
m[]=\OT1/cmr/m/n/10.95 2\OML/cmm/m/it/10.95  \OMS/cmsy/m/n/10.95 j \OML/cmm/m/
it/10.95 = []\OT1/cmr/m/n/10.95 (\OML/cmm/m/it/10.95 []\OT1/cmr/m/n/10.95 )([]
(\OML/cmm/m/it/10.95 [] \OMS/cmsy/m/n/10.95   \OT1/cmr/m/n/10.95 1))\OML/cmm/m
/it/10.95 :
 []

[26

]
<ris3.png, id=235, 495.35063pt x 417.81094pt>
File: ris3.png Graphic file (type png)
<use ris3.png>
Package pdftex.def Info: ris3.png  used on input line 540.
(pdftex.def)             Requested size: 122.91406pt x 103.67468pt.
<ris4.png, id=236, 495.35063pt x 417.81094pt>
File: ris4.png Graphic file (type png)
<use ris4.png>
Package pdftex.def Info: ris4.png  used on input line 540.
(pdftex.def)             Requested size: 122.91406pt x 103.67468pt.
 [27

 <./ris3.png> <./ris4.png>] [28

]
Overfull \hbox (15.77356pt too wide) detected at line 573
\OT1/cmss/m/n/10.95 P\OT1/cmr/m/n/10.95 (\OML/cmm/m/it/10.95 [] < x[]\OT1/cmr/
m/n/10.95 ) = \OT1/cmss/m/n/10.95 P\OT1/cmr/m/n/10.95 ([](\OML/cmm/m/it/10.95 
[]\OT1/cmr/m/n/10.95 ) \OML/cmm/m/it/10.95 < []\OT1/cmr/m/n/10.95 (\OML/cmm/m/i
t/10.95 x[]\OT1/cmr/m/n/10.95 )) = \OT1/cmss/m/n/10.95 P [] \OML/cmm/m/it/10.95
 :
 []

[29

]pdfTeX warning (ext4): destination with the same identifier (name{12}) has bee
n already used, duplicate ignored
<to be read again> 
                   \relax 
l.602 	\end{frame}
                  pdfTeX warning (ext4): destination with the same identifier (
name{13}) has been already used, duplicate ignored
<to be read again> 
                   \relax 
l.602 	\end{frame}
                   [30

]
Overfull \hbox (10.02953pt too wide) detected at line 633
\OT1/cmr/m/n/10.95 = \OT1/cmss/m/n/10.95 P [] \OML/cmm/m/it/10.95 :
 []

[31

]
Overfull \hbox (24.7711pt too wide) detected at line 644
\OT1/cmss/m/n/10.95 P\OT1/cmr/m/n/10.95 (\OML/cmm/m/it/10.95 [][] < x[]y[]\OT
1/cmr/m/n/10.95 ) =  [] \OML/cmm/m/it/10.95 :
 []

[32

] [33

] [34

]
Overfull \vbox (41.33775pt too high) detected at line 720
 []

[35

] [36

] [37

] [38

] [39

] [40

]
Overfull \vbox (10.87483pt too high) detected at line 850
 []

[41

] [42

]
<gr_new_2.pdf, id=344, 505.89pt x 505.89pt>
File: gr_new_2.pdf Graphic file (type pdf)
<use gr_new_2.pdf>
Package pdftex.def Info: gr_new_2.pdf  used on input line 871.
(pdftex.def)             Requested size: 138.2795pt x 138.28264pt.

Overfull \vbox (14.66425pt too high) detected at line 871
 []

[43

 <./gr_new_2.pdf>]
<gr_new_1.pdf, id=358, 505.89pt x 505.89pt>
File: gr_new_1.pdf Graphic file (type pdf)
<use gr_new_1.pdf>
Package pdftex.def Info: gr_new_1.pdf  used on input line 892.
(pdftex.def)             Requested size: 144.4266pt x 144.42715pt.
pdfTeX warning (ext4): destination with the same identifier (name{ris7}) has be
en already used, duplicate ignored
<to be read again> 
                   \relax 
l.892 \end{frame}
                 
<gr_new_3.pdf, id=359, 505.89pt x 505.89pt>
File: gr_new_3.pdf Graphic file (type pdf)
<use gr_new_3.pdf>
Package pdftex.def Info: gr_new_3.pdf  used on input line 892.
(pdftex.def)             Requested size: 144.4266pt x 144.42715pt.
 [44

 <./gr_new_1.pdf> <./gr_new_3.pdf>] [45

] [46

]
<hist_new_1.pdf, id=393, 505.89pt x 505.89pt>
File: hist_new_1.pdf Graphic file (type pdf)
<use hist_new_1.pdf>
Package pdftex.def Info: hist_new_1.pdf  used on input line 965.
(pdftex.def)             Requested size: 215.10196pt x 215.1046pt.
pdfTeX warning (ext4): destination with the same identifier (name{ris7}) has be
en already used, duplicate ignored
<to be read again> 
                   \relax 
l.965 \end{frame}
                 
Overfull \vbox (52.18808pt too high) detected at line 965
 []

[47

 <./hist_new_1.pdf>]
<hist_new_2.pdf, id=408, 505.89pt x 505.89pt>
File: hist_new_2.pdf Graphic file (type pdf)
<use hist_new_2.pdf>
Package pdftex.def Info: hist_new_2.pdf  used on input line 980.
(pdftex.def)             Requested size: 245.83282pt x 245.83493pt.
pdfTeX warning (ext4): destination with the same identifier (name{ris7}) has be
en already used, duplicate ignored
<to be read again> 
                   \relax 
l.980 \end{frame}
                 
Overfull \vbox (53.94453pt too high) detected at line 980
 []

[48

 <./hist_new_2.pdf>]
<hist_new_3.pdf, id=423, 505.89pt x 505.89pt>
File: hist_new_3.pdf Graphic file (type pdf)
<use hist_new_3.pdf>
Package pdftex.def Info: hist_new_3.pdf  used on input line 995.
(pdftex.def)             Requested size: 245.83282pt x 245.83493pt.
pdfTeX warning (ext4): destination with the same identifier (name{ris7}) has be
en already used, duplicate ignored
<to be read again> 
                   \relax 
l.995 \end{frame}
                 
Overfull \vbox (53.94453pt too high) detected at line 995
 []

[49

 <./hist_new_3.pdf>]
<hist_new_4.pdf, id=439, 505.89pt x 505.89pt>
File: hist_new_4.pdf Graphic file (type pdf)
<use hist_new_4.pdf>
Package pdftex.def Info: hist_new_4.pdf  used on input line 1010.
(pdftex.def)             Requested size: 245.83282pt x 245.83493pt.
pdfTeX warning (ext4): destination with the same identifier (name{ris7}) has be
en already used, duplicate ignored
<to be read again> 
                   \relax 
l.1010 \end{frame}
                  
Overfull \vbox (53.94453pt too high) detected at line 1010
 []

[50

 <./hist_new_4.pdf>] [51

]
\tf@nav=\write6
\openout6 = `slides2.nav'.

\tf@toc=\write7
\openout7 = `slides2.toc'.

\tf@snm=\write8
\openout8 = `slides2.snm'.

Package atveryend Info: Empty hook `BeforeClearDocument' on input line 1036.
Package atveryend Info: Empty hook `AfterLastShipout' on input line 1036.
 (slides2.aux)
Package atveryend Info: Executing hook `AtVeryEndDocument' on input line 1036.
Package atveryend Info: Executing hook `AtEndAfterFileList' on input line 1036.

Package rerunfilecheck Info: File `slides2.out' has not changed.
(rerunfilecheck)             Checksum: D41D8CD98F00B204E9800998ECF8427E;0.


LaTeX Warning: There were multiply-defined labels.

 ) 
Here is how much of TeX's memory you used:
 36770 strings out of 492968
 835358 string characters out of 3117975
 1032161 words of memory out of 3000000
 39805 multiletter control sequences out of 15000+200000
 27611 words of font info for 83 fonts, out of 3000000 for 9000
 1141 hyphenation exceptions out of 8191
 64i,15n,98p,776b,628s stack positions out of 5000i,500n,10000p,200000b,50000s
{C:/Users/Пользователь/AppData/Local/Programs/MiKTeX 2.9/fonts/en
c/dvips/cm-super/cm-super-t2a.enc}<C:/Users/Пользователь/AppData/Lo
cal/Programs/MiKTeX 2.9/fonts/type1/public/amsfonts/cm/cmex10.pfb><C:/Users/П
льзователь/AppData/Local/Programs/MiKTeX 2.9/fonts/type1/public/amsf
onts/cm/cmmi10.pfb><C:/Users/Пользователь/AppData/Local/Programs/Mi
KTeX 2.9/fonts/type1/public/amsfonts/cm/cmmi12.pfb><C:/Users/Пользоват
ель/AppData/Local/Programs/MiKTeX 2.9/fonts/type1/public/amsfonts/cm/cmmi6.p
fb><C:/Users/Пользователь/AppData/Local/Programs/MiKTeX 2.9/fonts/t
ype1/public/amsfonts/cm/cmmi7.pfb><C:/Users/Пользователь/AppData/Lo
cal/Programs/MiKTeX 2.9/fonts/type1/public/amsfonts/cm/cmmi8.pfb><C:/Users/По
льзователь/AppData/Local/Programs/MiKTeX 2.9/fonts/type1/public/amsfo
nts/cm/cmr10.pfb><C:/Users/Пользователь/AppData/Local/Programs/MiKT
eX 2.9/fonts/type1/public/amsfonts/cm/cmr12.pfb><C:/Users/Пользовате
ь/AppData/Local/Programs/MiKTeX 2.9/fonts/type1/public/amsfonts/cm/cmr6.pfb><
C:/Users/Пользователь/AppData/Local/Programs/MiKTeX 2.9/fonts/type1
/public/amsfonts/cm/cmr7.pfb><C:/Users/Пользователь/AppData/Local/P
rograms/MiKTeX 2.9/fonts/type1/public/amsfonts/cm/cmr8.pfb><C:/Users/Польз
ователь/AppData/Local/Programs/MiKTeX 2.9/fonts/type1/public/amsfonts/cm
/cmss10.pfb><C:/Users/Пользователь/AppData/Local/Programs/MiKTeX 2.
9/fonts/type1/public/amsfonts/cm/cmsy10.pfb><C:/Users/Пользователь/
AppData/Local/Programs/MiKTeX 2.9/fonts/type1/public/amsfonts/cm/cmsy8.pfb><C:/
Users/Пользователь/AppData/Local/Programs/MiKTeX 2.9/fonts/type1/pu
blic/cm-super/sfsi1095.pfb><C:/Users/Пользователь/AppData/Local/Pro
grams/MiKTeX 2.9/fonts/type1/public/cm-super/sfso1095.pfb><C:/Users/Польз
ватель/AppData/Local/Programs/MiKTeX 2.9/fonts/type1/public/cm-super/sfs
s0600.pfb><C:/Users/Пользователь/AppData/Local/Programs/MiKTeX 2.9/
fonts/type1/public/cm-super/sfss1000.pfb><C:/Users/Пользователь/App
Data/Local/Programs/MiKTeX 2.9/fonts/type1/public/cm-super/sfss1095.pfb><C:/Use
rs/Пользователь/AppData/Local/Programs/MiKTeX 2.9/fonts/type1/publi
c/cm-super/sfss1440.pfb><C:/Users/Пользователь/AppData/Local/Progra
ms/MiKTeX 2.9/fonts/type1/public/cm-super/sfsx1095.pfb>
Output written on slides2.pdf (51 pages, 570387 bytes).
PDF statistics:
 556 PDF objects out of 1000 (max. 8388607)
 133 named destinations out of 1000 (max. 500000)
 145 words of extra memory for PDF output out of 10000 (max. 10000000)

